F: Format_Output
Loop at depth 1 containing: %20<header>,%105,%111,%109,%107,%113,%593,%642,%645,%648,%652,%655,%626,%629,%632,%636,%639,%610,%613,%616,%620,%623,%594,%597,%600,%604,%607,%507,%510,%513,%517,%520,%490,%493,%496,%500,%503,%527,%538,%542,%.loopexit13,%557,%.preheader11,%560,%.loopexit12,%579,%.preheader9,%582,%.loopexit10,%211,%213,%210,%215,%271,%274,%277,%281,%284,%254,%257,%260,%264,%267,%236,%239,%242,%246,%249,%218,%221,%224,%228,%231,%137,%194,%197,%200,%204,%207,%177,%180,%183,%187,%190,%158,%161,%164,%168,%171,%139,%142,%145,%149,%152,%116,%118,%123,%126,%130,%133,%287,%302,%304,%.loopexit8,%320,%.preheader6,%352,%.loopexit7,%367,%369,%372,%375,%378,%379,%383,%.preheader4,%389,%.loopexit5,%404<exiting>,%408,%411,%422,%434,%437,%.loopexit3,%418,%420,%460,%.loopexit2,%455,%.preheader1,%474,%.loopexit,%489,%658,%78,%86,%88,%91,%94,%98,%101,%81,%48,%56,%57,%60,%63,%67,%70,%74,%77,%51,%35,%46,%44,%42,%40,%38,%36,%30,%32,%664<latch><exiting>,%547,%548,%555,%556,%566,%567,%577,%578,%587,%588,%662,%663,%310,%311,%318,%319,%357,%358,%365,%366,%394,%395,%402,%403,%430,%431,%416,%417,%465,%466,%453,%454,%479,%480,%487,%488
    Loop at depth 2 containing: %542<header>,%547,%548<latch><exiting>
    Loop at depth 2 containing: %560<header>,%566,%567<latch><exiting>
    Loop at depth 2 containing: %582<header>,%587,%588<latch><exiting>
    Loop at depth 2 containing: %304<header>,%310,%311<latch><exiting>
    Loop at depth 2 containing: %352<header>,%357,%358<latch><exiting>
    Loop at depth 2 containing: %389<header>,%394,%395<latch><exiting>
    Loop at depth 2 containing: %422<header>,%434,%437<latch><exiting>,%430,%431
    Loop at depth 2 containing: %460<header>,%465,%466<latch><exiting>
    Loop at depth 2 containing: %474<header>,%479,%480<latch><exiting>

Not Unrolled (size), Count: 732


F: vsnprintf
Loop at depth 1 containing: %101<header>,%115,%110,%112,%.preheader36,%117,%129,%.preheader35,%136,%150,%149,%148,%147,%133,%151,%.preheader33,%157,%.loopexit34,%178,%184,%190,%.preheader32,%198,%219,%225,%227,%233,%239,%244,%245,%246,%250,%275,%271,%273,%270,%277,%304,%1503,%1504,%1507,%1511,%1514,%1487,%1488,%1491,%1495,%1498,%292,%1470,%1471,%1474,%1478,%1481,%1454,%1455,%1458,%1462,%1465,%1431,%1441,%1444,%1448,%1451,%1408,%1418,%1421,%1425,%1428,%280,%1394,%1395,%1398,%1402,%1405,%1380,%1381,%1384,%1388,%1391,%1357,%1367,%1370,%1374,%1377,%316,%1520,%1521,%1524,%1528,%1531,%1535,%1536,%1539,%1543,%1546,%1550,%1233,%1242,%1243,%1256,%1283,%1304,%1305,%1308,%1312,%1315,%1288,%1289,%1292,%1296,%1299,%1265,%1268,%1271,%1275,%1278,%562,%572,%575,%579,%582,%660,%847,%981,%983,%1007,%1015,%1018,%1025,%1028,%1030,%1033,%1043,%1056,%1061,%1084,%1090,%1093,%.loopexit,%1112,%1115,%1117,%1121,%1131,%.preheader31,%1134,%1144,%1145,%1149,%1155,%.preheader29,%1166,%1177,%1179,%.loopexit30,%1163,%.preheader27,%1184,%1195,%1196,%.loopexit28,%1203,%850,%851,%891,%893,%897,%907,%.preheader26,%910,%920,%921,%925,%931,%.preheader24,%942,%953,%955,%.loopexit25,%939,%.preheader22,%960,%971,%972,%.loopexit23,%979,%666,%678,%679,%694,%696,%713,%715,%732,%734,%751,%753,%773,%.preheader21,%776,%786,%787,%791,%797,%.preheader19,%808,%819,%821,%.loopexit20,%805,%.preheader17,%826,%837,%838,%.loopexit18,%845,%662,%1205,%586,%592,%.preheader16,%595,%605,%606,%610,%616,%.preheader14,%627,%638,%640,%.loopexit15,%624,%.preheader12,%645,%656,%657,%.loopexit13,%1216,%1218,%.loopexit11,%464,%474,%477,%481,%484,%494,%.preheader10,%497,%507,%508,%512,%518,%.preheader8,%529,%540,%542,%.loopexit9,%526,%.preheader6,%547,%558,%559,%.loopexit7,%392,%402,%.preheader4,%405,%415,%416,%.loopexit5,%424,%429,%432,%436,%439,%442,%445,%.preheader2,%449,%459,%460,%.loopexit3,%254,%1321,%1324,%1328,%1331,%.preheader,%1339,%.loopexit1,%1355,%1245,%1253,%1254,%369,%379,%382,%386,%389,%346,%356,%359,%363,%366,%328,%336,%344,%1567<latch><exiting>,%126,%123,%124,%142,%143,%164,%165,%182,%183,%205,%206,%222,%223,%1066,%1067,%1087,%1088,%1099,%1100,%1110,%1111,%989,%990,%1124,%1125,%1140,%1141,%1152,%1153,%1173,%1174,%1161,%1162,%1190,%1191,%1201,%1202,%858,%859,%900,%901,%916,%917,%928,%929,%949,%950,%937,%938,%966,%967,%977,%978,%782,%783,%794,%795,%815,%816,%803,%804,%832,%833,%843,%844,%601,%602,%613,%614,%634,%635,%622,%623,%651,%652,%1214,%1215,%1223,%1224,%1565,%1566,%503,%504,%515,%516,%536,%537,%524,%525,%553,%554,%1561,%1562,%411,%412,%422,%423,%455,%456,%1557,%1558,%1346,%1347
    Loop at depth 2 containing: %117<header>,%126<latch>,%123,%124<exiting>
    Loop at depth 2 containing: %136<header>,%150,%149,%148,%147,%133<latch>,%142,%143<exiting>
    Loop at depth 2 containing: %157<header>,%164,%165<latch><exiting>
    Loop at depth 2 containing: %198<header>,%205,%206<latch><exiting>
    Loop at depth 2 containing: %983<header>,%1007,%1015,%1018,%1025,%1028,%1030,%1033,%1043,%1056,%1061,%1084,%1090,%1093,%.loopexit,%1112,%1115,%1117<latch><exiting>,%1066,%1067,%1087,%1088,%1099,%1100,%1110,%1111,%989,%990
        Loop at depth 3 containing: %1061<header>,%1066,%1067<latch><exiting>
        Loop at depth 3 containing: %1093<header>,%1099,%1100<latch><exiting>
    Loop at depth 2 containing: %1134<header>,%1144,%1145<latch><exiting>,%1140,%1141
    Loop at depth 2 containing: %1166<header>,%1177,%1179<latch><exiting>,%1173,%1174
    Loop at depth 2 containing: %1184<header>,%1195,%1196<latch><exiting>,%1190,%1191
    Loop at depth 2 containing: %851<header>,%891,%893<latch><exiting>,%858,%859
    Loop at depth 2 containing: %910<header>,%920,%921<latch><exiting>,%916,%917
    Loop at depth 2 containing: %942<header>,%953,%955<latch><exiting>,%949,%950
    Loop at depth 2 containing: %960<header>,%971,%972<latch><exiting>,%966,%967
    Loop at depth 2 containing: %776<header>,%786,%787<latch><exiting>,%782,%783
    Loop at depth 2 containing: %808<header>,%819,%821<latch><exiting>,%815,%816
    Loop at depth 2 containing: %826<header>,%837,%838<latch><exiting>,%832,%833
    Loop at depth 2 containing: %595<header>,%605,%606<latch><exiting>,%601,%602
    Loop at depth 2 containing: %627<header>,%638,%640<latch><exiting>,%634,%635
    Loop at depth 2 containing: %645<header>,%656,%657<latch><exiting>,%651,%652
    Loop at depth 2 containing: %1218<header>,%1223,%1224<latch><exiting>
    Loop at depth 2 containing: %497<header>,%507,%508<latch><exiting>,%503,%504
    Loop at depth 2 containing: %529<header>,%540,%542<latch><exiting>,%536,%537
    Loop at depth 2 containing: %547<header>,%558,%559<latch><exiting>,%553,%554
    Loop at depth 2 containing: %405<header>,%415,%416<latch><exiting>,%411,%412
    Loop at depth 2 containing: %449<header>,%459,%460<latch><exiting>,%455,%456
    Loop at depth 2 containing: %1339<header>,%1346,%1347<latch><exiting>

Not Unrolled (size), Count: 1713


F: vsscanf
Loop at depth 1 containing: %27<header>,%32,%44,%.preheader6,%50,%.preheader4,%69,%.loopexit5,%88<exiting>,%97,%147,%.preheader2,%153,%.loopexit3,%178,%182,%187,%188,%189,%193<exiting>,%198<exiting>,%203<exiting>,%344<exiting>,%.loopexit15,%350,%349,%348,%347,%351,%358,%373,%380,%382<exiting>,%385,%387,%391,%395,%399<exiting>,%405,%406<exiting>,%410,%411<exiting>,%417,%418<exiting>,%422,%815,%818,%821,%825,%828,%846,%849,%831,%834,%838,%854,%855,%858,%862,%878,%891,%718,%736,%737,%740,%744,%747,%765,%768,%750,%753,%757,%773,%774,%777,%781,%797,%810,%721,%722,%725,%729,%732,%621,%639,%640,%643,%647,%650,%668,%671,%653,%656,%660,%676,%677,%680,%684,%700,%713,%624,%625,%628,%632,%635,%522,%541,%542,%545,%549,%552,%570,%573,%555,%558,%562,%578,%579,%582,%586,%602,%615,%525,%526,%529,%533,%536,%423,%442,%443,%446,%450,%453,%471,%474,%456,%459,%463,%479,%480,%483,%487,%503,%516,%426,%427,%430,%434,%437,%896,%915,%916,%919,%923,%926,%944,%947,%929,%932,%936,%952,%953,%956,%960,%976,%989,%899,%900,%903,%907,%910,%995<exiting>,%320,%323,%326,%330,%333,%248,%251,%254,%258,%261,%265,%280,%286,%288,%306,%.loopexit7,%316,%205,%208,%211,%215,%218,%224,%238,%242,%999<latch><exiting>,%101,%.preheader,%106,%121,%.loopexit1,%119,%130,%.loopexit,%93<exiting>,%339<exiting>,%55,%56,%67,%68,%74,%75,%86,%87,%160,%161,%176,%177,%112,%113,%117,%118,%135,%136,%39,%40<exiting>,%363,%364,%376,%377,%868,%869,%894,%895,%787,%788,%813,%814,%690,%691,%716,%717,%592,%593,%618,%619,%493,%494,%519,%520,%966,%967,%992,%993,%270,%271,%283,%284,%296,%297,%314,%315,%232,%233,%245,%246
    Loop at depth 2 containing: %32<header>,%44,%.preheader6,%50,%.preheader4,%69,%.loopexit5,%88<exiting>,%97,%147,%.preheader2,%153,%.loopexit3,%178,%182,%187,%188,%189,%193<exiting>,%198<exiting>,%203<exiting>,%344<exiting>,%320,%323,%326,%330,%333,%101,%.preheader,%106,%121,%.loopexit1,%119,%130,%.loopexit,%93<exiting>,%339<latch><exiting>,%55,%56,%67,%68,%74,%75,%86,%87,%160,%161,%176,%177,%112,%113,%117,%118,%135,%136,%39,%40<exiting>
        Loop at depth 3 containing: %50<header>,%55,%56<latch><exiting>
        Loop at depth 3 containing: %69<header>,%74,%75<latch><exiting>
        Loop at depth 3 containing: %153<header>,%160,%161<latch><exiting>
        Loop at depth 3 containing: %106<header>,%121<latch><exiting>,%112,%113<exiting>
        Loop at depth 3 containing: %130<header>,%135,%136<latch><exiting>
    Loop at depth 2 containing: %358<header>,%363,%364<latch><exiting>
    Loop at depth 2 containing: %862<header>,%878<latch><exiting>,%868,%869<exiting>
    Loop at depth 2 containing: %781<header>,%797<latch><exiting>,%787,%788<exiting>
    Loop at depth 2 containing: %684<header>,%700<latch><exiting>,%690,%691<exiting>
    Loop at depth 2 containing: %586<header>,%602<latch><exiting>,%592,%593<exiting>
    Loop at depth 2 containing: %487<header>,%503<latch><exiting>,%493,%494<exiting>
    Loop at depth 2 containing: %960<header>,%976<latch><exiting>,%966,%967<exiting>
    Loop at depth 2 containing: %265<header>,%270,%271<latch><exiting>
    Loop at depth 2 containing: %288<header>,%306<latch><exiting>,%296,%297<exiting>
    Loop at depth 2 containing: %224<header>,%238<latch><exiting>,%232,%233<exiting>

Not Unrolled (size), Count: 1103


F: _doprnt
Loop at depth 1 containing: %61<header><exiting>,%.preheader50,%92,%102,%81,%112,%.loopexit1,%98,%.loopexit,%115,%141,%143,%146,%149,%153,%156,%161,%164,%.preheader48,%123,%.loopexit49,%173,%179,%202,%204,%207,%210,%214,%217,%.preheader46,%184,%.loopexit47,%225,%228,%1294,%1094,%1053,%.loopexit45,%1051,%1056,%1049,%1093,%.loopexit44,%1042,%1043,%1004,%1007,%1010,%1014,%1017,%.preheader41,%1024,%.loopexit42,%1041,%.loopexit43,%1002,%1055,%1000,%1057,%1076,%1077,%1080,%1084,%1065,%1066,%1069,%1073,%1087,%1095,%998,%1096,%1120,%1121,%1124,%1128,%1131,%1106,%1107,%1110,%1114,%1117,%1134,%1150,%1151,%1152,%1153,%1157,%1174,%1187,%1191,%1196,%.preheader39,%1199,%.loopexit40,%1213,%1215,%1216,%1217,%.preheader37,%1220,%.loopexit38,%1237,%1239,%.preheader35,%1242,%.loopexit36,%1256,%.preheader33,%1259,%.loopexit34,%1275,%.preheader31,%1279,%.loopexit32,%1293,%892,%897,%900,%904,%907,%915,%.preheader29,%925,%.loopexit30,%921,%.preheader27,%940,%.loopexit28,%954,%957,%962,%973,%.loopexit26,%983,%.preheader24,%988,%.loopexit25,%487,%490,%493,%497,%500,%506,%511,%.preheader22,%514,%.loopexit23,%528,%530,%609,%688,%692,%.preheader20,%695,%.loopexit21,%705,%725,%.preheader19,%729,%740,%746,%748,%749,%751,%.preheader18,%755,%766,%772,%775,%790,%.preheader16,%796,%.loopexit17,%812,%813,%.preheader15,%817,%828,%834,%837,%852,%.preheader13,%858,%.loopexit14,%874,%875,%876,%.preheader11,%881,%.loopexit12,%470,%473,%476,%480,%483,%241,%244,%251,%257,%260,%247,%264,%268,%274,%292,%.preheader9,%298,%.loopexit10,%314,%316,%320,%322,%414,%420,%.preheader7,%425,%.loopexit8,%.preheader5,%438,%.loopexit6,%336,%.preheader3,%344,%.loopexit4,%361,%372,%390,%.preheader,%396,%.loopexit2,%412,%457,%463,%469,%238,%1296,%64,%78<latch>,%87,%88,%109,%110,%130,%131,%171,%172,%191,%192,%223,%224,%234,%235,%1030,%1031,%1039,%1040,%1163,%1164,%1177,%1178,%1204,%1205,%1211,%1212,%1226,%1227,%1235,%1236,%1247,%1248,%1254,%1255,%1264,%1265,%1273,%1274,%1284,%1285,%1291,%1292,%931,%932,%945,%946,%952,%953,%969,%970,%981,%982,%993,%994,%76,%77,%519,%520,%526,%527,%700,%701,%72,%73,%734,%735,%743,%744,%760,%761,%769,%770,%781,%782,%793,%794,%801,%802,%810,%811,%822,%823,%831,%832,%843,%844,%855,%856,%863,%864,%872,%873,%886,%887,%68,%69,%280,%281,%295,%296,%303,%304,%312,%313,%431,%432,%455,%456,%443,%444,%451,%452,%350,%351,%359,%360,%378,%379,%393,%394,%401,%402,%410,%411,%330,%331,%466,%467
    Loop at depth 2 containing: %92<header>,%102,%81,%112,%.loopexit1,%98,%.loopexit<latch>,%87,%88<exiting>,%109,%110
        Loop at depth 3 containing: %102<header>,%81,%112,%.loopexit1,%98<latch>,%87,%88<exiting>,%109,%110
            Loop at depth 4 containing: %81<header>,%87,%88<latch><exiting>
    Loop at depth 2 containing: %123<header>,%130,%131<latch><exiting>
    Loop at depth 2 containing: %184<header>,%191,%192<latch><exiting>
    Loop at depth 2 containing: %228<header>,%238<latch>,%234,%235<exiting>
    Loop at depth 2 containing: %1024<header>,%1030,%1031<latch><exiting>
    Loop at depth 2 containing: %1157<header>,%1163,%1164<latch><exiting>
    Loop at depth 2 containing: %1199<header>,%1204,%1205<latch><exiting>
    Loop at depth 2 containing: %1220<header>,%1226,%1227<latch><exiting>
    Loop at depth 2 containing: %1242<header>,%1247,%1248<latch><exiting>
    Loop at depth 2 containing: %1259<header>,%1264,%1265<latch><exiting>
    Loop at depth 2 containing: %1279<header>,%1284,%1285<latch><exiting>
    Loop at depth 2 containing: %925<header>,%931,%932<latch><exiting>
    Loop at depth 2 containing: %940<header>,%945,%946<latch><exiting>
    Loop at depth 2 containing: %962<header>,%973<latch><exiting>,%969,%970<exiting>
    Loop at depth 2 containing: %988<header>,%993,%994<latch><exiting>
    Loop at depth 2 containing: %514<header>,%519,%520<latch><exiting>
    Loop at depth 2 containing: %695<header>,%700,%701<latch><exiting>
    Loop at depth 2 containing: %729<header>,%734,%735<latch><exiting>
    Loop at depth 2 containing: %755<header>,%760,%761<latch><exiting>
    Loop at depth 2 containing: %775<header>,%781,%782<latch><exiting>
    Loop at depth 2 containing: %796<header>,%801,%802<latch><exiting>
    Loop at depth 2 containing: %817<header>,%822,%823<latch><exiting>
    Loop at depth 2 containing: %837<header>,%843,%844<latch><exiting>
    Loop at depth 2 containing: %858<header>,%863,%864<latch><exiting>
    Loop at depth 2 containing: %881<header>,%886,%887<latch><exiting>
    Loop at depth 2 containing: %274<header>,%280,%281<latch><exiting>
    Loop at depth 2 containing: %298<header>,%303,%304<latch><exiting>
    Loop at depth 2 containing: %322<header>,%414,%420,%.preheader7,%425,%.loopexit8,%.preheader5,%438,%.loopexit6,%336,%.preheader3,%344,%.loopexit4,%361,%372,%390,%.preheader,%396,%.loopexit2,%412,%457<latch><exiting>,%431,%432,%455,%456,%443,%444,%451,%452,%350,%351,%359,%360,%378,%379,%393,%394,%401,%402,%410,%411,%330,%331
        Loop at depth 3 containing: %425<header>,%431,%432<latch><exiting>
        Loop at depth 3 containing: %438<header>,%443,%444<latch><exiting>
        Loop at depth 3 containing: %344<header>,%350,%351<latch><exiting>
        Loop at depth 3 containing: %372<header>,%378,%379<latch><exiting>
        Loop at depth 3 containing: %396<header>,%401,%402<latch><exiting>

Not Unrolled (size), Count: 1505


F: strtod
Loop at depth 1 containing: %1016<header>,%1039,%1045,%1047,%1043,%1050,%1063,%1089,%1101,%1105,%1118,%1124,%1126,%.loopexit6,%1140,%.preheader4,%1154,%1166,%1168,%1190,%1196,%.loopexit5,%1152,%.preheader2,%1199,%1211,%.loopexit3,%1218,%1221,%1225,%1227,%1229,%1231,%1234,%1236,%1239,%1241,%1252,%1258,%1272,%1281,%1292,%1403,%1508,%1531,%1520,%1542,%1547,%1549,%1556<exiting>,%1552,%1563,%1568,%1573,%1600,%1637,%1603,%1605,%1613<exiting>,%1579,%1598,%1648,%1654,%1665<exiting>,%1669<exiting>,%1595<exiting>,%1597,%1279,%1285,%1405<exiting>,%1430<exiting>,%1290<exiting>,%1294<exiting>,%1299<exiting>,%1306<exiting>,%1312,%.preheader,%1319,%.loopexit1,%1335,%1342,%1360,%1400<exiting>,%1373,%1378,%1392,%1435<exiting>,%1445<exiting>,%1671<latch>,%1398<exiting>,%1110,%1111,%1121,%1122,%1131,%1132,%1138,%1139,%1175,%1176,%1193,%1194,%1160,%1161,%1150,%1151,%1205,%1206,%1216,%1217,%1264,%1265,%1288,%1289,%1275,%1276,%1325,%1326,%1333,%1334,%1349,%1350,%1363,%1364,%1384,%1385,%1395,%1396<exiting>
    Loop at depth 2 containing: %1105<header>,%1110,%1111<latch><exiting>
    Loop at depth 2 containing: %1126<header>,%1131,%1132<latch><exiting>
    Loop at depth 2 containing: %1154<header>,%1166,%1168,%1190,%1196<latch><exiting>,%1175,%1176,%1193,%1194,%1160,%1161
        Loop at depth 3 containing: %1168<header>,%1175,%1176<latch><exiting>
    Loop at depth 2 containing: %1199<header>,%1211<latch><exiting>,%1205,%1206<exiting>
    Loop at depth 2 containing: %1258<header>,%1279<latch><exiting>,%1264,%1265<exiting>
    Loop at depth 2 containing: %1319<header>,%1325,%1326<latch><exiting>
    Loop at depth 2 containing: %1342<header>,%1349,%1350<latch><exiting>
    Loop at depth 2 containing: %1378<header>,%1398<latch><exiting>,%1384,%1385<exiting>

Not Unrolled (size), Count: 626


F: test_threads
Loop at depth 1 containing: %149<header>,%155,%156,%161,%163,%165,%169,%174,%176,%179,%187,%192,%194,%196,%201,%202,%210,%216,%221,%227,%232,%234,%237,%238,%243,%245,%247,%251,%256,%258,%261,%264,%269,%271,%273,%278,%279,%286,%291,%293,%296,%297,%608,%611,%620,%621,%626,%628,%630,%634,%639,%641,%644,%652,%657,%659,%661,%666,%667,%675,%681,%686,%692,%697,%699,%702,%703,%708,%710,%712,%716,%721,%723,%726,%729,%734,%736,%738,%743,%744,%751,%756,%758,%761<exiting>,%911,%912,%913,%918,%920,%922,%926,%931,%933,%936,%944,%949,%951,%953,%958,%959,%967,%973,%978,%984,%989,%991,%994,%995,%1000,%1002,%1004,%1008,%1013,%1015,%1018,%1021,%1026,%1028,%1030,%1035,%1036,%1043,%1048,%1050,%1053<latch><exiting>,%302,%303<exiting>,%614,%615
    Loop at depth 2 containing: %297<header>,%608<latch><exiting>,%302,%303<exiting>

Not Unrolled (size), Count: 481


F: test_fork_join
Loop at depth 1 containing: %149<header>,%155,%156,%161,%163,%165,%169,%174,%176,%179,%187,%192,%194,%196,%201,%202,%210,%216,%221,%227,%232,%234,%237,%238,%243,%245,%247,%251,%256,%258,%261,%264,%269,%271,%273,%278,%279,%286,%291,%293,%296,%297,%619,%622,%631,%632,%637,%639,%641,%645,%650,%652,%655,%663,%668,%670,%672,%677,%678,%686,%692,%697,%703,%708,%710,%713,%714,%719,%721,%723,%727,%732,%734,%737,%740,%745,%747,%749,%754,%755,%762,%767,%769,%772<exiting>,%841,%842,%843,%848,%850,%852,%856,%861,%863,%866,%874,%879,%881,%883,%888,%889,%897,%903,%908,%914,%919,%921,%924,%925,%930,%932,%934,%938,%943,%945,%948,%951,%956,%958,%960,%965,%966,%973,%978,%980,%983<latch><exiting>,%302,%303<exiting>,%625,%626
    Loop at depth 2 containing: %297<header>,%619<latch><exiting>,%302,%303<exiting>

Not Unrolled (size), Count: 477


